#
# There is insufficient memory for the Java Runtime Environment to continue.
# Native memory allocation (mmap) failed to map 264241152 bytes. Error detail: G1 virtual space
# Possible reasons:
#   The system is out of physical RAM or swap space
#   This process is running with CompressedOops enabled, and the Java Heap may be blocking the growth of the native heap
# Possible solutions:
#   Reduce memory load on the system
#   Increase physical memory or swap space
#   Check if swap backing store is full
#   Decrease Java heap size (-Xmx/-Xms)
#   Decrease number of Java threads
#   Decrease Java thread stack sizes (-Xss)
#   Set larger code cache with -XX:ReservedCodeCacheSize=
#   JVM is running with Zero Based Compressed Oops mode in which the Java heap is
#     placed in the first 32GB address space. The Java Heap base address is the
#     maximum limit for the native heap growth. Please use -XX:HeapBaseMinAddress
#     to set the Java Heap base and to place the Java Heap above 32GB virtual address.
# This output file may be truncated or incomplete.
#
#  Out of Memory Error (os_windows.cpp:3828), pid=12220, tid=49596
#
# JRE version:  (21.0.5+8) (build )
# Java VM: OpenJDK 64-Bit Server VM (21.0.5+8-b631.28, mixed mode, sharing, tiered, compressed oops, compressed class ptrs, g1 gc, windows-amd64)
# No core dump will be written. Minidumps are not enabled by default on client versions of Windows
#

---------------  S U M M A R Y ------------

Command Line: -Dlog4j2.formatMsgNoLookups=true git4idea.http.GitAskPassApp Username for 'https://github.com': 

Host: 11th Gen Intel(R) Core(TM) i5-1145G7 @ 2.60GHz, 8 cores, 15G,  Windows 11 , 64 bit Build 26100 (10.0.26100.3037)
Time: Tue Feb 11 09:59:37 2025 India Standard Time elapsed time: 0.080403 seconds (0d 0h 0m 0s)

---------------  T H R E A D  ---------------

Current thread (0x000001a4cb4463b0):  JavaThread "Unknown thread" [_thread_in_vm, id=49596, stack(0x0000005a21500000,0x0000005a21600000) (1024K)]

Stack: [0x0000005a21500000,0x0000005a21600000]
Native frames: (J=compiled Java code, j=interpreted, Vv=VM code, C=native code)
V  [jvm.dll+0x6e52b9]
V  [jvm.dll+0x8c3633]
V  [jvm.dll+0x8c5b8e]
V  [jvm.dll+0x8c6273]
V  [jvm.dll+0x288f46]
V  [jvm.dll+0x6e1a35]
V  [jvm.dll+0x6d5e3a]
V  [jvm.dll+0x3634bb]
V  [jvm.dll+0x36b086]
V  [jvm.dll+0x3bd346]
V  [jvm.dll+0x3bd618]
V  [jvm.dll+0x335c2c]
V  [jvm.dll+0x33691b]
V  [jvm.dll+0x88aa89]
V  [jvm.dll+0x3ca518]
V  [jvm.dll+0x873b98]
V  [jvm.dll+0x45eede]
V  [jvm.dll+0x460bc1]
C  [jli.dll+0x52ab]
C  [ucrtbase.dll+0x37b0]
C  [KERNEL32.DLL+0x2e8d7]
C  [ntdll.dll+0xbbf2c]


---------------  P R O C E S S  ---------------

Threads class SMR info:
_java_thread_list=0x00007fff009ca148, length=0, elements={
}

Java Threads: ( => current thread )
Total: 0

Other Threads:
  0x000001a4cd7cb470 WorkerThread "GC Thread#0"                     [id=49784, stack(0x0000005a21600000,0x0000005a21700000) (1024K)]
  0x000001a4cd7dbf30 ConcurrentGCThread "G1 Main Marker"            [id=50740, stack(0x0000005a21700000,0x0000005a21800000) (1024K)]
  0x000001a4cd7dc940 WorkerThread "G1 Conc#0"                       [id=50160, stack(0x0000005a21800000,0x0000005a21900000) (1024K)]

[error occurred during error reporting (printing all threads), id 0xc0000005, EXCEPTION_ACCESS_VIOLATION (0xc0000005) at pc=0x00007fff000b8ce7]
VM state: not at safepoint (not fully initialized)

VM Mutex/Monitor currently owned by a thread:  ([mutex/lock_event])
[0x00007fff00a3eb30] Heap_lock - owner thread: 0x000001a4cb4463b0

Heap address: 0x0000000704200000, size: 4030 MB, Compressed Oops mode: Zero based, Oop shift amount: 3

CDS archive(s) mapped at: [0x0000000000000000-0x0000000000000000-0x0000000000000000), size 0, SharedBaseAddress: 0x0000000800000000, ArchiveRelocationMode: 1.
Narrow klass base: 0x0000000000000000, Narrow klass shift: 0, Narrow klass range: 0x0

GC Precious Log:
 CardTable entry size: 512
 Card Set container configuration: InlinePtr #cards 4 size 8 Array Of Cards #cards 16 size 48 Howl #buckets 8 coarsen threshold 3686 Howl Bitmap #cards 512 size 80 coarsen threshold 460 Card regions per heap region 1 cards per card region 4096

Heap:
 garbage-first heap   total 0K, used 0K [0x0000000704200000, 0x0000000800000000)
  region size 2048K, 0 young (0K), 0 survivors (0K)
 Metaspace       used 0K, committed 0K, reserved 0K
  class space    used 0K, committed 0K, reserved 0K

Heap Regions: E=young(eden), S=young(survivor), O=old, HS=humongous(starts), HC=humongous(continues), CS=collection set, F=free, TAMS=top-at-mark-start, PB=parsable bottom

Card table byte_map: [0x000001a4e1200000,0x000001a4e19e0000] _byte_map_base: 0x000001a4dd9df000

Marking Bits: (CMBitMap*) 0x000001a4cd7cba80
 Bits: [0x000001a4e19e0000, 0x000001a4e58d8000)

GC Heap History (0 events):
No events

Dll operation events (1 events):
Event: 0.040 Loaded shared library C:\Users\battih\AppData\Local\JetBrains\PyCharm Community Edition 2024.3.1.1\jbr\bin\java.dll

Deoptimization events (0 events):
No events

Classes loaded (0 events):
No events

Classes unloaded (0 events):
No events

Classes redefined (0 events):
No events

Internal exceptions (0 events):
No events

ZGC Phase Switch (0 events):
No events

VM Operations (0 events):
No events

Memory protections (0 events):
No events

Nmethod flushes (0 events):
No events

Events (0 events):
No events


Dynamic libraries:
0x00007ff7a9dc0000 - 0x00007ff7a9dca000 	C:\Users\battih\AppData\Local\JetBrains\PyCharm Community Edition 2024.3.1.1\jbr\bin\java.exe
0x00007fffb68c0000 - 0x00007fffb6b23000 	C:\WINDOWS\SYSTEM32\ntdll.dll
0x00007fffb50e0000 - 0x00007fffb51a7000 	C:\WINDOWS\System32\KERNEL32.DLL
0x00007fffb3f30000 - 0x00007fffb42f7000 	C:\WINDOWS\System32\KERNELBASE.dll
0x00007fffb3c60000 - 0x00007fffb3dac000 	C:\WINDOWS\System32\ucrtbase.dll
0x00007fffa82d0000 - 0x00007fffa82eb000 	C:\Users\battih\AppData\Local\JetBrains\PyCharm Community Edition 2024.3.1.1\jbr\bin\VCRUNTIME140.dll
0x00007fff5a2b0000 - 0x00007fff5a2c8000 	C:\Users\battih\AppData\Local\JetBrains\PyCharm Community Edition 2024.3.1.1\jbr\bin\jli.dll
0x00007fffb48a0000 - 0x00007fffb4a69000 	C:\WINDOWS\System32\USER32.dll
0x00007fffb3e40000 - 0x00007fffb3e67000 	C:\WINDOWS\System32\win32u.dll
0x00007fffb6590000 - 0x00007fffb65ba000 	C:\WINDOWS\System32\GDI32.dll
0x00007fffb43a0000 - 0x00007fffb44cb000 	C:\WINDOWS\System32\gdi32full.dll
0x00007fffb44d0000 - 0x00007fffb4573000 	C:\WINDOWS\System32\msvcp_win.dll
0x00007fff92020000 - 0x00007fff922b0000 	C:\WINDOWS\WinSxS\amd64_microsoft.windows.common-controls_6595b64144ccf1df_6.0.26100.3037_none_3e09262ce333c378\COMCTL32.dll
0x00007fffb6380000 - 0x00007fffb6429000 	C:\WINDOWS\System32\msvcrt.dll
0x00007fffb4a70000 - 0x00007fffb4a9f000 	C:\WINDOWS\System32\IMM32.DLL
0x000001a4cce30000 - 0x000001a4cce45000 	C:\WINDOWS\System32\umppc18913.dll
0x00007fffb0110000 - 0x00007fffb011c000 	C:\Users\battih\AppData\Local\JetBrains\PyCharm Community Edition 2024.3.1.1\jbr\bin\vcruntime140_1.dll
0x00007fff58920000 - 0x00007fff589ad000 	C:\Users\battih\AppData\Local\JetBrains\PyCharm Community Edition 2024.3.1.1\jbr\bin\msvcp140.dll
0x00007ffeffd70000 - 0x00007fff00b31000 	C:\Users\battih\AppData\Local\JetBrains\PyCharm Community Edition 2024.3.1.1\jbr\bin\server\jvm.dll
0x00007fffb4790000 - 0x00007fffb4844000 	C:\WINDOWS\System32\ADVAPI32.dll
0x00007fffb57b0000 - 0x00007fffb5856000 	C:\WINDOWS\System32\sechost.dll
0x00007fffb6760000 - 0x00007fffb6876000 	C:\WINDOWS\System32\RPCRT4.dll
0x00007fffb56a0000 - 0x00007fffb5714000 	C:\WINDOWS\System32\WS2_32.dll
0x00007fffb37f0000 - 0x00007fffb383e000 	C:\WINDOWS\SYSTEM32\POWRPROF.dll
0x00007fff934a0000 - 0x00007fff934d6000 	C:\WINDOWS\SYSTEM32\WINMM.dll
0x00007fffa92b0000 - 0x00007fffa92bb000 	C:\WINDOWS\SYSTEM32\VERSION.dll
0x00007fffb37d0000 - 0x00007fffb37e4000 	C:\WINDOWS\SYSTEM32\UMPDC.dll
0x00007fffb2a90000 - 0x00007fffb2aaa000 	C:\WINDOWS\SYSTEM32\kernel.appcore.dll
0x00007fffaa320000 - 0x00007fffaa32a000 	C:\Users\battih\AppData\Local\JetBrains\PyCharm Community Edition 2024.3.1.1\jbr\bin\jimage.dll
0x00007fffb1290000 - 0x00007fffb14d1000 	C:\WINDOWS\SYSTEM32\DBGHELP.DLL
0x00007fffb5860000 - 0x00007fffb5bde000 	C:\WINDOWS\System32\combase.dll
0x00007fffb6670000 - 0x00007fffb6746000 	C:\WINDOWS\System32\OLEAUT32.dll
0x00007fff8c300000 - 0x00007fff8c339000 	C:\WINDOWS\SYSTEM32\dbgcore.DLL
0x00007fffb4300000 - 0x00007fffb4399000 	C:\WINDOWS\System32\bcryptPrimitives.dll
0x00007fffa70c0000 - 0x00007fffa70e0000 	C:\Users\battih\AppData\Local\JetBrains\PyCharm Community Edition 2024.3.1.1\jbr\bin\java.dll

dbghelp: loaded successfully - version: 4.0.5 - missing functions: none
symbol engine: initialized successfully - sym options: 0x614 - pdb path: .;C:\Users\battih\AppData\Local\JetBrains\PyCharm Community Edition 2024.3.1.1\jbr\bin;C:\WINDOWS\SYSTEM32;C:\WINDOWS\WinSxS\amd64_microsoft.windows.common-controls_6595b64144ccf1df_6.0.26100.3037_none_3e09262ce333c378;C:\Users\battih\AppData\Local\JetBrains\PyCharm Community Edition 2024.3.1.1\jbr\bin\server

VM Arguments:
jvm_args: -Dlog4j2.formatMsgNoLookups=true 
java_command: git4idea.http.GitAskPassApp Username for 'https://github.com': 
java_class_path (initial): C:/Users/battih/AppData/Local/JetBrains/PyCharm Community Edition 2024.3.1.1/plugins/vcs-git/lib/git4idea-rt.jar;C:/Users/battih/AppData/Local/JetBrains/PyCharm Community Edition 2024.3.1.1/lib/externalProcess-rt.jar
Launcher Type: SUN_STANDARD

[Global flags]
     intx CICompilerCount                          = 4                                         {product} {ergonomic}
     uint ConcGCThreads                            = 2                                         {product} {ergonomic}
     uint G1ConcRefinementThreads                  = 8                                         {product} {ergonomic}
   size_t G1HeapRegionSize                         = 2097152                                   {product} {ergonomic}
    uintx GCDrainStackTargetSize                   = 64                                        {product} {ergonomic}
   size_t InitialHeapSize                          = 264241152                                 {product} {ergonomic}
   size_t MarkStackSize                            = 4194304                                   {product} {ergonomic}
   size_t MaxHeapSize                              = 4225761280                                {product} {ergonomic}
   size_t MinHeapDeltaBytes                        = 2097152                                   {product} {ergonomic}
   size_t MinHeapSize                              = 8388608                                   {product} {ergonomic}
    uintx NonNMethodCodeHeapSize                   = 5839372                                {pd product} {ergonomic}
    uintx NonProfiledCodeHeapSize                  = 122909434                              {pd product} {ergonomic}
    uintx ProfiledCodeHeapSize                     = 122909434                              {pd product} {ergonomic}
    uintx ReservedCodeCacheSize                    = 251658240                              {pd product} {ergonomic}
     bool SegmentedCodeCache                       = true                                      {product} {ergonomic}
   size_t SoftMaxHeapSize                          = 4225761280                             {manageable} {ergonomic}
     bool UseCompressedOops                        = true                           {product lp64_product} {ergonomic}
     bool UseG1GC                                  = true                                      {product} {ergonomic}
     bool UseLargePagesIndividualAllocation        = false                                  {pd product} {ergonomic}

Logging:
Log output configuration:
 #0: stdout all=warning uptime,level,tags foldmultilines=false
 #1: stderr all=off uptime,level,tags foldmultilines=false

Environment Variables:
JAVA_HOME=C:\Program Files\Amazon Corretto\jdk1.8.0_432
JAVA_TOOL_OPTIONS=-Dlog4j2.formatMsgNoLookups=true
PATH=C:\Program Files\Git\mingw64\libexec\git-core;C:\Program Files\Git\mingw64\libexec\git-core;C:\Program Files\Git\mingw64\bin;C:\Program Files\Git\usr\bin;C:\Users\battih\bin;C:\Users\battih\PycharmProjects\100 Days of Code - The Complete Python Pro Bootcamp\.idea\VirtualEnvironment\Scripts;C:\Program Files (x86)\Common Files\Oracle\Java\java8path;C:\Program Files (x86)\Common Files\Oracle\Java\javapath;C:\Program Files\Amazon Corretto\jdk1.8.0_432\bin;C:\Program Files\Python312\Scripts;C:\Program Files\Python312;C:\Program Files\Python311\Scripts;C:\Program Files\Python311;C:\Program Files\Python310\Scripts;C:\Program Files\Python310;C:\Program Files\itacsvc;C:\WINDOWS\system32;C:\WINDOWS;C:\WINDOWS\System32\Wbem;C:\WINDOWS\System32\WindowsPowerShell\v1.0;C:\WINDOWS\System32\OpenSSH;C:\Program Files\Microsoft VS Code\bin;C:\WINDOWS\system32;C:\WINDOWS;C:\WINDOWS\System32\Wbem;C:\WINDOWS\System32\WindowsPowerShell\v1.0;C:\WINDOWS\System32\OpenSSH;C:\Program Files\PuTTY;C:\Program Files\Amazon\FOPAzureADMAnagementApp;C:\Program Files (x86)\ACMEGuardian;C:\Program Files\Git\cmd;C:\Program Files (x86)\Quarantine;C:\Users\battih\AppData\Local\Microsoft\WindowsApps;C:\Users\battih\AppData\Local\JetBrains\IntelliJ IDEA Community Edition 2024.1.2\bin
USERNAME=battih
DISPLAY=:0.0
LC_ALL=en_US.UTF-8
TERM=xterm-256color
TMPDIR=C:\Users\battih\AppData\Local\Temp
OS=Windows_NT
PROCESSOR_IDENTIFIER=Intel64 Family 6 Model 140 Stepping 1, GenuineIntel
TMP=C:\Users\battih\AppData\Local\Temp
TEMP=C:\Users\battih\AppData\Local\Temp




Periodic native trim disabled

JNI global refs:
JNI global refs: 0, weak refs: 0

JNI global refs memory usage: 0, weak refs: 0

Process memory usage:
Resident Set Size: 13548K (0% of 16499128K total physical memory with 530636K free physical memory)

OOME stack traces (most recent first):
Classloader memory used:

---------------  S Y S T E M  ---------------

OS:
 Windows 11 , 64 bit Build 26100 (10.0.26100.3037)
OS uptime: 2 days 0:05 hours

CPU: total 8 (initial active 8) (4 cores per cpu, 2 threads per core) family 6 model 140 stepping 1 microcode 0xb8, cx8, cmov, fxsr, ht, mmx, 3dnowpref, sse, sse2, sse3, ssse3, sse4.1, sse4.2, popcnt, lzcnt, tsc, tscinvbit, avx, avx2, aes, erms, clmul, bmi1, bmi2, adx, avx512f, avx512dq, avx512cd, avx512bw, avx512vl, sha, fma, vzeroupper, avx512_vpopcntdq, avx512_vpclmulqdq, avx512_vaes, avx512_vnni, clflush, clflushopt, clwb, avx512_vbmi2, avx512_vbmi, rdtscp, rdpid, fsrm, gfni, avx512_bitalg, f16c, pku, cet_ibt, cet_ss, avx512_ifma
Processor Information for all 8 processors :
  Max Mhz: 2611, Current Mhz: 2611, Mhz Limit: 2611

Memory: 4k page, system-wide physical 16112M (518M free)
TotalPageFile size 46388M (AvailPageFile size 121M)
current process WorkingSet (physical memory assigned to process): 13M, peak: 13M
current process commit charge ("private bytes"): 60M, peak: 312M

vm_info: OpenJDK 64-Bit Server VM (21.0.5+8-b631.28) for windows-amd64 JRE (21.0.5+8-b631.28), built on 2024-11-23 by "builduser" with MS VC++ 16.10 / 16.11 (VS2019)

END.
